kotlin version: 2.0.21
error message: org.jetbrains.kotlin.backend.common.BackendException: Backend Internal error: Exception during IR lowering
File being compiled: C:/Users/nativeuser/Documents/ProJectAndroidStudio/SpeedSpy/app/src/main/java/com/suming/speedspy/AccuracyActivity.kt
The root cause java.lang.RuntimeException was thrown at: org.jetbrains.kotlin.backend.jvm.codegen.FunctionCodegen.generate(FunctionCodegen.kt:47)
	at org.jetbrains.kotlin.backend.common.CodegenUtil.reportBackendException(CodegenUtil.kt:253)
	at org.jetbrains.kotlin.backend.common.CodegenUtil.reportBackendException$default(CodegenUtil.kt:236)
	at org.jetbrains.kotlin.backend.common.phaser.PerformByIrFilePhase.invokeSequential(performByIrFile.kt:65)
	at org.jetbrains.kotlin.backend.common.phaser.PerformByIrFilePhase.invoke(performByIrFile.kt:52)
	at org.jetbrains.kotlin.backend.common.phaser.PerformByIrFilePhase.invoke(performByIrFile.kt:38)
	at org.jetbrains.kotlin.backend.common.phaser.NamedCompilerPhase.phaseBody(CompilerPhase.kt:166)
	at org.jetbrains.kotlin.backend.common.phaser.AbstractNamedCompilerPhase.invoke(CompilerPhase.kt:113)
	at org.jetbrains.kotlin.backend.common.phaser.CompositePhase.invoke(PhaseBuilders.kt:27)
	at org.jetbrains.kotlin.backend.common.phaser.CompositePhase.invoke(PhaseBuilders.kt:14)
	at org.jetbrains.kotlin.backend.common.phaser.NamedCompilerPhase.phaseBody(CompilerPhase.kt:166)
	at org.jetbrains.kotlin.backend.common.phaser.AbstractNamedCompilerPhase.invoke(CompilerPhase.kt:113)
	at org.jetbrains.kotlin.backend.common.phaser.CompilerPhaseKt.invokeToplevel(CompilerPhase.kt:62)
	at org.jetbrains.kotlin.backend.jvm.JvmIrCodegenFactory.invokeCodegen(JvmIrCodegenFactory.kt:371)
	at org.jetbrains.kotlin.codegen.CodegenFactory.generateModule(CodegenFactory.kt:47)
	at org.jetbrains.kotlin.backend.jvm.JvmIrCodegenFactory.generateModuleInFrontendIRMode(JvmIrCodegenFactory.kt:433)
	at org.jetbrains.kotlin.cli.jvm.compiler.pipeline.JvmCompilerPipelineKt.generateCodeFromIr(jvmCompilerPipeline.kt:246)
	at org.jetbrains.kotlin.cli.jvm.compiler.pipeline.JvmCompilerPipelineKt.compileModulesUsingFrontendIrAndLightTree(jvmCompilerPipeline.kt:142)
	at org.jetbrains.kotlin.cli.jvm.K2JVMCompiler.doExecute(K2JVMCompiler.kt:148)
	at org.jetbrains.kotlin.cli.jvm.K2JVMCompiler.doExecute(K2JVMCompiler.kt:43)
	at org.jetbrains.kotlin.cli.common.CLICompiler.execImpl(CLICompiler.kt:103)
	at org.jetbrains.kotlin.cli.common.CLICompiler.execImpl(CLICompiler.kt:49)
	at org.jetbrains.kotlin.cli.common.CLITool.exec(CLITool.kt:101)
	at org.jetbrains.kotlin.incremental.IncrementalJvmCompilerRunner.runCompiler(IncrementalJvmCompilerRunner.kt:464)
	at org.jetbrains.kotlin.incremental.IncrementalJvmCompilerRunner.runCompiler(IncrementalJvmCompilerRunner.kt:73)
	at org.jetbrains.kotlin.incremental.IncrementalCompilerRunner.doCompile(IncrementalCompilerRunner.kt:506)
	at org.jetbrains.kotlin.incremental.IncrementalCompilerRunner.compileImpl(IncrementalCompilerRunner.kt:423)
	at org.jetbrains.kotlin.incremental.IncrementalCompilerRunner.compileNonIncrementally(IncrementalCompilerRunner.kt:301)
	at org.jetbrains.kotlin.incremental.IncrementalCompilerRunner.compile(IncrementalCompilerRunner.kt:129)
	at org.jetbrains.kotlin.daemon.CompileServiceImplBase.execIncrementalCompiler(CompileServiceImpl.kt:675)
	at org.jetbrains.kotlin.daemon.CompileServiceImplBase.access$execIncrementalCompiler(CompileServiceImpl.kt:92)
	at org.jetbrains.kotlin.daemon.CompileServiceImpl.compile(CompileServiceImpl.kt:1660)
	at java.base/jdk.internal.reflect.DirectMethodHandleAccessor.invoke(Unknown Source)
	at java.base/java.lang.reflect.Method.invoke(Unknown Source)
	at java.rmi/sun.rmi.server.UnicastServerRef.dispatch(Unknown Source)
	at java.rmi/sun.rmi.transport.Transport$1.run(Unknown Source)
	at java.rmi/sun.rmi.transport.Transport$1.run(Unknown Source)
	at java.base/java.security.AccessController.doPrivileged(Unknown Source)
	at java.rmi/sun.rmi.transport.Transport.serviceCall(Unknown Source)
	at java.rmi/sun.rmi.transport.tcp.TCPTransport.handleMessages(Unknown Source)
	at java.rmi/sun.rmi.transport.tcp.TCPTransport$ConnectionHandler.run0(Unknown Source)
	at java.rmi/sun.rmi.transport.tcp.TCPTransport$ConnectionHandler.lambda$run$0(Unknown Source)
	at java.base/java.security.AccessController.doPrivileged(Unknown Source)
	at java.rmi/sun.rmi.transport.tcp.TCPTransport$ConnectionHandler.run(Unknown Source)
	at java.base/java.util.concurrent.ThreadPoolExecutor.runWorker(Unknown Source)
	at java.base/java.util.concurrent.ThreadPoolExecutor$Worker.run(Unknown Source)
	at java.base/java.lang.Thread.run(Unknown Source)
Caused by: java.lang.RuntimeException: Exception while generating code for:
FUN name:DraggableVerticalLine visibility:public modality:FINAL <> ($this:com.suming.speedspy.AccuracyActivity) returnType:kotlin.Unit
  annotations:
    Composable
  $this: VALUE_PARAMETER name:<this> type:com.suming.speedspy.AccuracyActivity
  BLOCK_BODY
    VAR name:density type:androidx.compose.ui.unit.Density [val]
      CALL 'public final fun <get-current> (): T of androidx.compose.runtime.CompositionLocal [inline] declared in androidx.compose.runtime.CompositionLocal' type=androidx.compose.ui.unit.Density origin=GET_PROPERTY
        $this: TYPE_OP type=androidx.compose.runtime.CompositionLocal<T of androidx.compose.runtime.CompositionLocal> origin=IMPLICIT_CAST typeOperand=androidx.compose.runtime.CompositionLocal<T of androidx.compose.runtime.CompositionLocal>
          CALL 'public final fun <get-LocalDensity> (): androidx.compose.runtime.ProvidableCompositionLocal<androidx.compose.ui.unit.Density> declared in androidx.compose.ui.platform.CompositionLocalsKt' type=androidx.compose.runtime.ProvidableCompositionLocal<androidx.compose.ui.unit.Density> origin=GET_PROPERTY
    VAR name:radius type:kotlin.Float [val]
      CALL 'public final fun with <T, R> (receiver: T of kotlin.StandardKt.with, block: @[ExtensionFunctionType] kotlin.Function1<T of kotlin.StandardKt.with, R of kotlin.StandardKt.with>): R of kotlin.StandardKt.with [inline] declared in kotlin.StandardKt' type=kotlin.Float origin=null
        <T>: androidx.compose.ui.unit.Density
        <R>: kotlin.Float
        receiver: GET_VAR 'val density: androidx.compose.ui.unit.Density [val] declared in com.suming.speedspy.AccuracyActivity.DraggableVerticalLine' type=androidx.compose.ui.unit.Density origin=null
        block: BLOCK type=@[ExtensionFunctionType] kotlin.Function1<androidx.compose.ui.unit.Density, kotlin.Float> origin=LAMBDA
          COMPOSITE type=kotlin.Unit origin=null
          FUNCTION_REFERENCE 'private final fun DraggableVerticalLine$lambda$3 (): kotlin.Float declared in com.suming.speedspy.AccuracyActivity' type=@[ExtensionFunctionType] kotlin.Function1<androidx.compose.ui.unit.Density, kotlin.Float> origin=INLINE_LAMBDA reflectionTarget=null
    VAR name:lineHeight type:kotlin.Float [val]
      CALL 'public final fun with <T, R> (receiver: T of kotlin.StandardKt.with, block: @[ExtensionFunctionType] kotlin.Function1<T of kotlin.StandardKt.with, R of kotlin.StandardKt.with>): R of kotlin.StandardKt.with [inline] declared in kotlin.StandardKt' type=kotlin.Float origin=null
        <T>: androidx.compose.ui.unit.Density
        <R>: kotlin.Float
        receiver: GET_VAR 'val density: androidx.compose.ui.unit.Density [val] declared in com.suming.speedspy.AccuracyActivity.DraggableVerticalLine' type=androidx.compose.ui.unit.Density origin=null
        block: BLOCK type=@[ExtensionFunctionType] kotlin.Function1<androidx.compose.ui.unit.Density, kotlin.Float> origin=LAMBDA
          COMPOSITE type=kotlin.Unit origin=null
          FUNCTION_REFERENCE 'private final fun DraggableVerticalLine$lambda$4 (): kotlin.Float declared in com.suming.speedspy.AccuracyActivity' type=@[ExtensionFunctionType] kotlin.Function1<androidx.compose.ui.unit.Density, kotlin.Float> origin=INLINE_LAMBDA reflectionTarget=null
    VAR PROPERTY_DELEGATE name:ballY$delegate type:androidx.compose.runtime.MutableState<kotlin.Float> [val]
      CALL 'public final fun remember <T> (calculation: @[DisallowComposableCalls] kotlin.Function0<T of androidx.compose.runtime.ComposablesKt.remember>): T of androidx.compose.runtime.ComposablesKt.remember [inline] declared in androidx.compose.runtime.ComposablesKt' type=androidx.compose.runtime.MutableState<kotlin.Float> origin=null
        <T>: androidx.compose.runtime.MutableState<kotlin.Float>
        calculation: BLOCK type=kotlin.Function0<androidx.compose.runtime.MutableState<kotlin.Float>> origin=LAMBDA
          COMPOSITE type=kotlin.Unit origin=null
          FUNCTION_REFERENCE 'private final fun DraggableVerticalLine$lambda$5 (): androidx.compose.runtime.MutableState<kotlin.Float> declared in com.suming.speedspy.AccuracyActivity' type=kotlin.Function0<androidx.compose.runtime.MutableState<kotlin.Float>> origin=INLINE_LAMBDA reflectionTarget=null
    VAR name:layoutSize type:androidx.compose.runtime.MutableState<androidx.compose.ui.unit.IntSize> [val]
      CALL 'public final fun remember <T> (calculation: @[DisallowComposableCalls] kotlin.Function0<T of androidx.compose.runtime.ComposablesKt.remember>): T of androidx.compose.runtime.ComposablesKt.remember [inline] declared in androidx.compose.runtime.ComposablesKt' type=androidx.compose.runtime.MutableState<androidx.compose.ui.unit.IntSize> origin=null
        <T>: androidx.compose.runtime.MutableState<androidx.compose.ui.unit.IntSize>
        calculation: BLOCK type=kotlin.Function0<androidx.compose.runtime.MutableState<androidx.compose.ui.unit.IntSize>> origin=LAMBDA
          COMPOSITE type=kotlin.Unit origin=null
          FUNCTION_REFERENCE 'private final fun DraggableVerticalLine$lambda$8 (): androidx.compose.runtime.MutableState<androidx.compose.ui.unit.IntSize> declared in com.suming.speedspy.AccuracyActivity' type=kotlin.Function0<androidx.compose.runtime.MutableState<androidx.compose.ui.unit.IntSize>> origin=INLINE_LAMBDA reflectionTarget=null
    CALL 'public final fun Canvas (modifier: androidx.compose.ui.Modifier, onDraw: @[ExtensionFunctionType] kotlin.Function1<androidx.compose.ui.graphics.drawscope.DrawScope, kotlin.Unit>): kotlin.Unit declared in androidx.compose.foundation.CanvasKt' type=kotlin.Unit origin=null
      modifier: CALL 'public final fun pointerInput (key1: kotlin.Any?, block: androidx.compose.ui.input.pointer.PointerInputEventHandler): androidx.compose.ui.Modifier declared in androidx.compose.ui.input.pointer.SuspendingPointerInputFilterKt' type=androidx.compose.ui.Modifier origin=null
        $receiver: CALL 'public final fun onGloballyPositioned (onGloballyPositioned: kotlin.Function1<androidx.compose.ui.layout.LayoutCoordinates, kotlin.Unit>): androidx.compose.ui.Modifier declared in androidx.compose.ui.layout.OnGloballyPositionedModifierKt' type=androidx.compose.ui.Modifier origin=null
          $receiver: CALL 'public final fun fillMaxSize$default (fraction: kotlin.Float, $mask0: kotlin.Int, $handler: kotlin.Any?): androidx.compose.ui.Modifier declared in androidx.compose.foundation.layout.SizeKt' type=androidx.compose.ui.Modifier origin=DEFAULT_DISPATCH_CALL
            $receiver: GET_FIELD 'FIELD FIELD_FOR_OBJECT_INSTANCE name:Companion type:androidx.compose.ui.Modifier.Companion visibility:public [final,static] declared in androidx.compose.ui.Modifier' type=androidx.compose.ui.Modifier.Companion origin=null
            fraction: COMPOSITE type=kotlin.Float origin=DEFAULT_VALUE
              CONST Float type=kotlin.Float value=0.0
            $mask0: CONST Int type=kotlin.Int value=1
            $handler: CONST Null type=kotlin.Any? value=null
          onGloballyPositioned: BLOCK type=kotlin.Function1<androidx.compose.ui.layout.LayoutCoordinates, kotlin.Unit> origin=LAMBDA
            COMPOSITE type=kotlin.Unit origin=null
            CALL 'public final fun <jvm-indy> <T> (dynamicCall: T of kotlin.jvm.internal.<jvm-indy>, bootstrapMethodHandle: kotlin.Any, vararg bootstrapMethodArguments: kotlin.Any): T of kotlin.jvm.internal.<jvm-indy> declared in kotlin.jvm.internal' type=kotlin.Function1<androidx.compose.ui.layout.LayoutCoordinates, kotlin.Unit> origin=null
              <T>: kotlin.Function1<androidx.compose.ui.layout.LayoutCoordinates, kotlin.Unit>
              dynamicCall: CALL 'public final fun invoke (p0: androidx.compose.runtime.MutableState<androidx.compose.ui.unit.IntSize>): kotlin.Function1<androidx.compose.ui.layout.LayoutCoordinates, kotlin.Unit> declared in kotlin.jvm.internal.invokeDynamic' type=kotlin.Function1<androidx.compose.ui.layout.LayoutCoordinates, kotlin.Unit> origin=null
                p0: GET_VAR 'val layoutSize: androidx.compose.runtime.MutableState<androidx.compose.ui.unit.IntSize> [val] declared in com.suming.speedspy.AccuracyActivity.DraggableVerticalLine' type=androidx.compose.runtime.MutableState<androidx.compose.ui.unit.IntSize> origin=null
              bootstrapMethodHandle: CALL 'public final fun <jvm-method-handle> (tag: kotlin.Int, owner: kotlin.String, name: kotlin.String, descriptor: kotlin.String, isInterface: kotlin.Boolean): kotlin.Any declared in kotlin.jvm.internal' type=kotlin.Any origin=null
                tag: CONST Int type=kotlin.Int value=6
                owner: CONST String type=kotlin.String value="java/lang/invoke/LambdaMetafactory"
                name: CONST String type=kotlin.String value="metafactory"
                descriptor: CONST String type=kotlin.String value="(Ljava/lang/invoke/MethodHandles$Lookup;Ljava/lang/String;Ljava/lang/invoke/MethodType;Ljava/lang/invoke/MethodType;Ljava/lang/invoke/MethodHandle;Ljava/lang/invoke/MethodType;)Ljava/lang/invoke/CallSite;"
                isInterface: CONST Boolean type=kotlin.Boolean value=false
              bootstrapMethodArguments: VARARG type=kotlin.Array<kotlin.Any> varargElementType=kotlin.Any
                CALL 'public final fun <jvm-original-method-type> (method: kotlin.Any): kotlin.Any declared in kotlin.jvm.internal' type=kotlin.Any origin=null
                  method: RAW_FUNCTION_REFERENCE 'public abstract fun invoke (p1: P1 of kotlin.Function1): R of kotlin.Function1 [operator] declared in kotlin.Function1' type=kotlin.Any
                RAW_FUNCTION_REFERENCE 'private final fun DraggableVerticalLine$lambda$9 ($layoutSize: androidx.compose.runtime.MutableState<androidx.compose.ui.unit.IntSize>, it: androidx.compose.ui.layout.LayoutCoordinates): kotlin.Unit? declared in com.suming.speedspy.AccuracyActivity' type=kotlin.Any
                CALL 'public final fun <jvm-original-method-type> (method: kotlin.Any): kotlin.Any declared in kotlin.jvm.internal' type=kotlin.Any origin=null
                  method: RAW_FUNCTION_REFERENCE 'public abstract fun invoke (p1: androidx.compose.ui.layout.LayoutCoordinates): kotlin.Unit? [fake_override,operator] declared in kotlin.jvm.internal.invokeDynamic.<fake>' type=kotlin.Any
        key1: GET_FIELD 'FIELD FIELD_FOR_OBJECT_INSTANCE name:INSTANCE type:kotlin.Unit visibility:public [final,static] declared in kotlin.Unit' type=kotlin.Unit origin=null
        block: BLOCK type=com.suming.speedspy.AccuracyActivity.DraggableVerticalLine.<no name provided> origin=null
          CLASS LAMBDA_IMPL CLASS name:<no name provided> modality:FINAL visibility:public/*package*/ superTypes:[@[RawType] androidx.compose.ui.input.pointer.PointerInputEventHandler]
            $this: VALUE_PARAMETER INSTANCE_RECEIVER name:<this> type:com.suming.speedspy.AccuracyActivity.DraggableVerticalLine.<no name provided>
            CONSTRUCTOR GENERATED_MEMBER_IN_CALLABLE_REFERENCE visibility:public/*package*/ <> ($radius:kotlin.Float, $layoutSize:androidx.compose.runtime.MutableState<androidx.compose.ui.unit.IntSize>, $lineHeight:kotlin.Float, $ballY$delegate:androidx.compose.runtime.MutableState<kotlin.Float>) returnType:com.suming.speedspy.AccuracyActivity.DraggableVerticalLine.<no name provided> [primary]
              VALUE_PARAMETER BOUND_VALUE_PARAMETER name:$radius index:0 type:kotlin.Float
              VALUE_PARAMETER BOUND_VALUE_PARAMETER name:$layoutSize index:1 type:androidx.compose.runtime.MutableState<androidx.compose.ui.unit.IntSize>
              VALUE_PARAMETER BOUND_VALUE_PARAMETER name:$lineHeight index:2 type:kotlin.Float
              VALUE_PARAMETER BOUND_VALUE_PARAMETER name:$ballY$delegate index:3 type:androidx.compose.runtime.MutableState<kotlin.Float>
              BLOCK_BODY
                SET_FIELD 'FIELD FIELD_FOR_CAPTURED_VALUE name:$radius type:kotlin.Float visibility:public/*package*/ [final] declared in com.suming.speedspy.AccuracyActivity.DraggableVerticalLine.<no name provided>' type=kotlin.Unit origin=INITIALIZER_OF_FIELD_FOR_CAPTURED_VALUE
                  receiver: GET_VAR '<this>: com.suming.speedspy.AccuracyActivity.DraggableVerticalLine.<no name provided> declared in com.suming.speedspy.AccuracyActivity.DraggableVerticalLine.<no name provided>' type=com.suming.speedspy.AccuracyActivity.DraggableVerticalLine.<no name provided> origin=null
                  value: GET_VAR '$radius: kotlin.Float declared in com.suming.speedspy.AccuracyActivity.DraggableVerticalLine.<no name provided>.<init>' type=kotlin.Float origin=null
                SET_FIELD 'FIELD FIELD_FOR_CAPTURED_VALUE name:$layoutSize type:androidx.compose.runtime.MutableState<androidx.compose.ui.unit.IntSize> visibility:public/*package*/ [final] declared in com.suming.speedspy.AccuracyActivity.DraggableVerticalLine.<no name provided>' type=kotlin.Unit origin=INITIALIZER_OF_FIELD_FOR_CAPTURED_VALUE
                  receiver: GET_VAR '<this>: com.suming.speedspy.AccuracyActivity.DraggableVerticalLine.<no name provided> declared in com.suming.speedspy.AccuracyActivity.DraggableVerticalLine.<no name provided>' type=com.suming.speedspy.AccuracyActivity.DraggableVerticalLine.<no name provided> origin=null
                  value: GET_VAR '$layoutSize: androidx.compose.runtime.MutableState<androidx.compose.ui.unit.IntSize> declared in com.suming.speedspy.AccuracyActivity.DraggableVerticalLine.<no name provided>.<init>' type=androidx.compose.runtime.MutableState<androidx.compose.ui.unit.IntSize> origin=null
                SET_FIELD 'FIELD FIELD_FOR_CAPTURED_VALUE name:$lineHeight type:kotlin.Float visibility:public/*package*/ [final] declared in com.suming.speedspy.AccuracyActivity.DraggableVerticalLine.<no name provided>' type=kotlin.Unit origin=INITIALIZER_OF_FIELD_FOR_CAPTURED_VALUE
                  receiver: GET_VAR '<this>: com.suming.speedspy.AccuracyActivity.DraggableVerticalLine.<no name provided> declared in com.suming.speedspy.AccuracyActivity.DraggableVerticalLine.<no name provided>' type=com.suming.speedspy.AccuracyActivity.DraggableVerticalLine.<no name provided> origin=null
                  value: GET_VAR '$lineHeight: kotlin.Float declared in com.suming.speedspy.AccuracyActivity.DraggableVerticalLine.<no name provided>.<init>' type=kotlin.Float origin=null
                SET_FIELD 'FIELD FIELD_FOR_CAPTURED_VALUE name:$ballY$delegate type:androidx.compose.runtime.MutableState<kotlin.Float> visibility:public/*package*/ [final] declared in com.suming.speedspy.AccuracyActivity.DraggableVerticalLine.<no name provided>' type=kotlin.Unit origin=INITIALIZER_OF_FIELD_FOR_CAPTURED_VALUE
                  receiver: GET_VAR '<this>: com.suming.speedspy.AccuracyActivity.DraggableVerticalLine.<no name provided> declared in com.suming.speedspy.AccuracyActivity.DraggableVerticalLine.<no name provided>' type=com.suming.speedspy.AccuracyActivity.DraggableVerticalLine.<no name provided> origin=null
                  value: GET_VAR '$ballY$delegate: androidx.compose.runtime.MutableState<kotlin.Float> declared in com.suming.speedspy.AccuracyActivity.DraggableVerticalLine.<no name provided>.<init>' type=androidx.compose.runtime.MutableState<kotlin.Float> origin=null
                DELEGATING_CONSTRUCTOR_CALL 'public constructor <init> () [primary] declared in kotlin.Any'
                BLOCK type=kotlin.Unit origin=null
            FUN name:invoke visibility:public modality:FINAL <> ($this:com.suming.speedspy.AccuracyActivity.DraggableVerticalLine.<no name provided>, $this$pointerInput:androidx.compose.ui.input.pointer.PointerInputScope, $completion:kotlin.coroutines.Continuation<kotlin.Unit>) returnType:kotlin.Any? [suspend]
              overridden:
                public abstract fun invoke ($completion: kotlin.coroutines.Continuation<kotlin.Unit>): kotlin.Any? [suspend,operator] declared in androidx.compose.ui.input.pointer.PointerInputEventHandler
              $this: VALUE_PARAMETER INSTANCE_RECEIVER name:<this> type:com.suming.speedspy.AccuracyActivity.DraggableVerticalLine.<no name provided>
              VALUE_PARAMETER name:$this$pointerInput index:0 type:androidx.compose.ui.input.pointer.PointerInputScope
              VALUE_PARAMETER CONTINUATION_CLASS name:$completion index:1 type:kotlin.coroutines.Continuation<kotlin.Unit>
              BLOCK_BODY
                CLASS CONTINUATION_CLASS CLASS name:<Continuation> modality:FINAL visibility:public/*package*/ superTypes:[kotlin.coroutines.jvm.internal.ContinuationImpl]
                  $this: VALUE_PARAMETER INSTANCE_RECEIVER name:<this> type:com.suming.speedspy.AccuracyActivity.DraggableVerticalLine.<no name provided>.invoke.<Continuation>
                  FIELD CONTINUATION_CLASS_RESULT_FIELD name:result type:kotlin.Result<kotlin.Any?> visibility:public/*package*/
                  FIELD FIELD_FOR_OUTER_THIS name:this$0 type:com.suming.speedspy.AccuracyActivity.DraggableVerticalLine.<no name provided> visibility:public/*package*/ [final]
                  FIELD name:label type:kotlin.Int visibility:public/*package*/
                  CONSTRUCTOR visibility:public/*package*/ <> (this$0:com.suming.speedspy.AccuracyActivity.DraggableVerticalLine.<no name provided>, $completion:kotlin.coroutines.Continuation<com.suming.speedspy.AccuracyActivity.DraggableVerticalLine.<no name provided>.invoke.<Continuation>>?) returnType:com.suming.speedspy.AccuracyActivity.DraggableVerticalLine.<no name provided>.invoke.<Continuation> [primary]
                    VALUE_PARAMETER name:this$0 index:0 type:com.suming.speedspy.AccuracyActivity.DraggableVerticalLine.<no name provided>
                    VALUE_PARAMETER name:$completion index:1 type:kotlin.coroutines.Continuation<com.suming.speedspy.AccuracyActivity.DraggableVerticalLine.<no name provided>.invoke.<Continuation>>?
                    BLOCK_BODY
                      SET_FIELD 'FIELD FIELD_FOR_OUTER_THIS name:this$0 type:com.suming.speedspy.AccuracyActivity.DraggableVerticalLine.<no name provided> visibility:public/*package*/ [final] declared in com.suming.speedspy.AccuracyActivity.DraggableVerticalLine.<no name provided>.invoke.<Continuation>' type=kotlin.Unit origin=null
                        receiver: GET_VAR '<this>: com.suming.speedspy.AccuracyActivity.DraggableVerticalLine.<no name provided>.invoke.<Continuation> declared in com.suming.speedspy.AccuracyActivity.DraggableVerticalLine.<no name provided>.invoke.<Continuation>' type=com.suming.speedspy.AccuracyActivity.DraggableVerticalLine.<no name provided>.invoke.<Continuation> origin=null
                        value: GET_VAR 'this$0: com.suming.speedspy.AccuracyActivity.DraggableVerticalLine.<no name provided> declared in com.suming.speedspy.AccuracyActivity.DraggableVerticalLine.<no name provided>.invoke.<Continuation>.<init>' type=com.suming.speedspy.AccuracyActivity.DraggableVerticalLine.<no name provided> origin=null
                      DELEGATING_CONSTRUCTOR_CALL 'public constructor <init> ($completion: kotlin.coroutines.Continuation<kotlin.Any?>?) declared in kotlin.coroutines.jvm.internal.ContinuationImpl'
                        $completion: GET_VAR '$completion: kotlin.coroutines.Continuation<com.suming.speedspy.AccuracyActivity.DraggableVerticalLine.<no name provided>.invoke.<Continuation>>? declared in com.suming.speedspy.AccuracyActivity.DraggableVerticalLine.<no name provided>.invoke.<Continuation>.<init>' type=kotlin.coroutines.Continuation<com.suming.speedspy.AccuracyActivity.DraggableVerticalLine.<no name provided>.invoke.<Continuation>>? origin=null
                  FUN name:invokeSuspend visibility:public modality:FINAL <> ($this:com.suming.speedspy.AccuracyActivity.DraggableVerticalLine.<no name provided>.invoke.<Continuation>, $result:kotlin.Result<kotlin.Any?>) returnType:kotlin.Any?
                    overridden:
                      public abstract fun invokeSuspend ($result: kotlin.Result<kotlin.Any?>): kotlin.Any? declared in kotlin.coroutines.jvm.internal.ContinuationImpl
                    $this: VALUE_PARAMETER INSTANCE_RECEIVER name:<this> type:com.suming.speedspy.AccuracyActivity.DraggableVerticalLine.<no name provided>.invoke.<Continuation>
                    VALUE_PARAMETER name:$result index:0 type:kotlin.Result<kotlin.Any?>
                    BLOCK_BODY
                      SET_FIELD 'FIELD CONTINUATION_CLASS_RESULT_FIELD name:result type:kotlin.Result<kotlin.Any?> visibility:public/*package*/ declared in com.suming.speedspy.AccuracyActivity.DraggableVerticalLine.<no name provided>.invoke.<Continuation>' type=kotlin.Unit origin=null
                        receiver: GET_VAR '<this>: com.suming.speedspy.AccuracyActivity.DraggableVerticalLine.<no name provided>.invoke.<Continuation> declared in com.suming.speedspy.AccuracyActivity.DraggableVerticalLine.<no name provided>.invoke.<Continuation>.invokeSuspend' type=com.suming.speedspy.AccuracyActivity.DraggableVerticalLine.<no name provided>.invoke.<Continuation> origin=null
                        value: GET_VAR '$result: kotlin.Result<kotlin.Any?> declared in com.suming.speedspy.AccuracyActivity.DraggableVerticalLine.<no name provided>.invoke.<Continuation>.invokeSuspend' type=kotlin.Result<kotlin.Any?> origin=null
                      SET_FIELD 'FIELD name:label type:kotlin.Int visibility:public/*package*/ declared in com.suming.speedspy.AccuracyActivity.DraggableVerticalLine.<no name provided>.invoke.<Continuation>' type=kotlin.Unit origin=null
                        receiver: GET_VAR '<this>: com.suming.speedspy.AccuracyActivity.DraggableVerticalLine.<no name provided>.invoke.<Continuation> declared in com.suming.speedspy.AccuracyActivity.DraggableVerticalLine.<no name provided>.invoke.<Continuation>.invokeSuspend' type=com.suming.speedspy.AccuracyActivity.DraggableVerticalLine.<no name provided>.invoke.<Continuation> origin=null
                        value: CALL 'public final fun or (other: kotlin.Int): kotlin.Int [infix] declared in kotlin.Int' type=kotlin.Int origin=null
                          $this: GET_FIELD 'FIELD name:label type:kotlin.Int visibility:public/*package*/ declared in com.suming.speedspy.AccuracyActivity.DraggableVerticalLine.<no name provided>.invoke.<Continuation>' type=kotlin.Int origin=null
                            receiver: GET_VAR '<this>: com.suming.speedspy.AccuracyActivity.DraggableVerticalLine.<no name provided>.invoke.<Continuation> declared in com.suming.speedspy.AccuracyActivity.DraggableVerticalLine.<no name provided>.invoke.<Continuation>.invokeSuspend' type=com.suming.speedspy.AccuracyActivity.DraggableVerticalLine.<no name provided>.invoke.<Continuation> origin=null
                          other: CONST Int type=kotlin.Int value=-2147483648
                      RETURN type=kotlin.Nothing from='public final fun invokeSuspend ($result: kotlin.Result<kotlin.Any?>): kotlin.Any? declared in com.suming.speedspy.AccuracyActivity.DraggableVerticalLine.<no name provided>.invoke.<Continuation>'
                        CALL 'public final fun invoke ($this$pointerInput: androidx.compose.ui.input.pointer.PointerInputScope, $completion: kotlin.coroutines.Continuation<kotlin.Unit>): kotlin.Any? [suspend] declared in com.suming.speedspy.AccuracyActivity.DraggableVerticalLine.<no name provided>' type=kotlin.Any? origin=null
                          $this: GET_FIELD 'FIELD FIELD_FOR_OUTER_THIS name:this$0 type:com.suming.speedspy.AccuracyActivity.DraggableVerticalLine.<no name provided> visibility:public/*package*/ [final] declared in com.suming.speedspy.AccuracyActivity.DraggableVerticalLine.<no name provided>.invoke.<Continuation>' type=com.suming.speedspy.AccuracyActivity.DraggableVerticalLine.<no name provided> origin=null
                            receiver: GET_VAR '<this>: com.suming.speedspy.AccuracyActivity.DraggableVerticalLine.<no name provided>.invoke.<Continuation> declared in com.suming.speedspy.AccuracyActivity.DraggableVerticalLine.<no name provided>.invoke.<Continuation>.invokeSuspend' type=com.suming.speedspy.AccuracyActivity.DraggableVerticalLine.<no name provided>.invoke.<Continuation> origin=null
                          $this$pointerInput: CONST Null type=androidx.compose.ui.input.pointer.PointerInputScope? value=null
                          $completion: GET_VAR '<this>: com.suming.speedspy.AccuracyActivity.DraggableVerticalLine.<no name provided>.invoke.<Continuation> declared in com.suming.speedspy.AccuracyActivity.DraggableVerticalLine.<no name provided>.invoke.<Continuation>.invokeSuspend' type=com.suming.speedspy.AccuracyActivity.DraggableVerticalLine.<no name provided>.invoke.<Continuation> origin=null
                RETURN type=kotlin.Nothing from='public final fun invoke ($this$pointerInput: androidx.compose.ui.input.pointer.PointerInputScope, $completion: kotlin.coroutines.Continuation<kotlin.Unit>): kotlin.Any? [suspend] declared in com.suming.speedspy.AccuracyActivity.DraggableVerticalLine.<no name provided>'
                  CALL 'public final fun detectDragGestures$default (onDragStart: kotlin.Function1<androidx.compose.ui.geometry.Offset, kotlin.Unit>?, onDragEnd: kotlin.Function0<kotlin.Unit>?, onDragCancel: kotlin.Function0<kotlin.Unit>?, onDrag: kotlin.Function2<@[ParameterName(name = "change")] androidx.compose.ui.input.pointer.PointerInputChange, @[ParameterName(name = "dragAmount")] androidx.compose.ui.geometry.Offset, kotlin.Unit>, $completion: kotlin.coroutines.Continuation<kotlin.Unit>, $mask0: kotlin.Int, $handler: kotlin.Any?): kotlin.Any? [suspend] declared in androidx.compose.foundation.gestures.DragGestureDetectorKt' type=kotlin.Unit origin=DEFAULT_DISPATCH_CALL
                    $receiver: GET_VAR '$this$pointerInput: androidx.compose.ui.input.pointer.PointerInputScope declared in com.suming.speedspy.AccuracyActivity.DraggableVerticalLine.<no name provided>.invoke' type=androidx.compose.ui.input.pointer.PointerInputScope origin=null
                    onDragStart: COMPOSITE type=kotlin.Function1<androidx.compose.ui.geometry.Offset, kotlin.Unit>? origin=DEFAULT_VALUE
                      CONST Null type=kotlin.Function1<androidx.compose.ui.geometry.Offset, kotlin.Unit>? value=null
                    onDragEnd: COMPOSITE type=kotlin.Function0<kotlin.Unit>? origin=DEFAULT_VALUE
                      CONST Null type=kotlin.Function0<kotlin.Unit>? value=null
                    onDragCancel: COMPOSITE type=kotlin.Function0<kotlin.Unit>? origin=DEFAULT_VALUE
                      CONST Null type=kotlin.Function0<kotlin.Unit>? value=null
                    onDrag: BLOCK type=kotlin.Function2<androidx.compose.ui.input.pointer.PointerInputChange, androidx.compose.ui.geometry.Offset, kotlin.Unit> origin=LAMBDA
                      COMPOSITE type=kotlin.Unit origin=null
                      CALL 'public final fun <jvm-indy> <T> (dynamicCall: T of kotlin.jvm.internal.<jvm-indy>, bootstrapMethodHandle: kotlin.Any, vararg bootstrapMethodArguments: kotlin.Any): T of kotlin.jvm.internal.<jvm-indy> declared in kotlin.jvm.internal' type=kotlin.Function2<androidx.compose.ui.input.pointer.PointerInputChange, androidx.compose.ui.geometry.Offset, kotlin.Unit> origin=null
                        <T>: kotlin.Function2<androidx.compose.ui.input.pointer.PointerInputChange, androidx.compose.ui.geometry.Offset, kotlin.Unit>
                        dynamicCall: CALL 'public final fun invoke (p0: kotlin.Float, p1: androidx.compose.runtime.MutableState<androidx.compose.ui.unit.IntSize>, p2: kotlin.Float, p3: androidx.compose.runtime.MutableState<kotlin.Float>): kotlin.Function2<androidx.compose.ui.input.pointer.PointerInputChange, androidx.compose.ui.geometry.Offset, kotlin.Unit> declared in kotlin.jvm.internal.invokeDynamic' type=kotlin.Function2<androidx.compose.ui.input.pointer.PointerInputChange, androidx.compose.ui.geometry.Offset, kotlin.Unit> origin=null
                          p0: GET_FIELD 'FIELD FIELD_FOR_CAPTURED_VALUE name:$radius type:kotlin.Float visibility:public/*package*/ [final] declared in com.suming.speedspy.AccuracyActivity.DraggableVerticalLine.<no name provided>' type=kotlin.Float origin=null
                            receiver: GET_VAR '<this>: com.suming.speedspy.AccuracyActivity.DraggableVerticalLine.<no name provided> declared in com.suming.speedspy.AccuracyActivity.DraggableVerticalLine.<no name provided>.invoke' type=com.suming.speedspy.AccuracyActivity.DraggableVerticalLine.<no name provided> origin=null
                          p1: GET_FIELD 'FIELD FIELD_FOR_CAPTURED_VALUE name:$layoutSize type:androidx.compose.runtime.MutableState<androidx.compose.ui.unit.IntSize> visibility:public/*package*/ [final] declared in com.suming.speedspy.AccuracyActivity.DraggableVerticalLine.<no name provided>' type=androidx.compose.runtime.MutableState<androidx.compose.ui.unit.IntSize> origin=null
                            receiver: GET_VAR '<this>: com.suming.speedspy.AccuracyActivity.DraggableVerticalLine.<no name provided> declared in com.suming.speedspy.AccuracyActivity.DraggableVerticalLine.<no name provided>.invoke' type=com.suming.speedspy.AccuracyActivity.DraggableVerticalLine.<no name provided> origin=null
                          p2: GET_FIELD 'FIELD FIELD_FOR_CAPTURED_VALUE name:$lineHeight type:kotlin.Float visibility:public/*package*/ [final] declared in com.suming.speedspy.AccuracyActivity.DraggableVerticalLine.<no name provided>' type=kotlin.Float origin=null
                            receiver: GET_VAR '<this>: com.suming.speedspy.AccuracyActivity.DraggableVerticalLine.<no name provided> declared in com.suming.speedspy.AccuracyActivity.DraggableVerticalLine.<no name provided>.invoke' type=com.suming.speedspy.AccuracyActivity.DraggableVerticalLine.<no name provided> origin=null
                          p3: GET_FIELD 'FIELD FIELD_FOR_CAPTURED_VALUE name:$ballY$delegate type:androidx.compose.runtime.MutableState<kotlin.Float> visibility:public/*package*/ [final] declared in com.suming.speedspy.AccuracyActivity.DraggableVerticalLine.<no name provided>' type=androidx.compose.runtime.MutableState<kotlin.Float> origin=null
                            receiver: GET_VAR '<this>: com.suming.speedspy.AccuracyActivity.DraggableVerticalLine.<no name provided> declared in com.suming.speedspy.AccuracyActivity.DraggableVerticalLine.<no name provided>.invoke' type=com.suming.speedspy.AccuracyActivity.DraggableVerticalLine.<no name provided> origin=null
                        bootstrapMethodHandle: CALL 'public final fun <jvm-method-handle> (tag: kotlin.Int, owner: kotlin.String, name: kotlin.String, descriptor: kotlin.String, isInterface: kotlin.Boolean): kotlin.Any declared in kotlin.jvm.internal' type=kotlin.Any origin=null
                          tag: CONST Int type=kotlin.Int value=6
                          owner: CONST String type=kotlin.String value="java/lang/invoke/LambdaMetafactory"
                          name: CONST String type=kotlin.String value="metafactory"
                          descriptor: CONST String type=kotlin.String value="(Ljava/lang/invoke/MethodHandles$Lookup;Ljava/lang/String;Ljava/lang/invoke/MethodType;Ljava/lang/invoke/MethodType;Ljava/lang/invoke/MethodHandle;Ljava/lang/invoke/MethodType;)Ljava/lang/invoke/CallSite;"
                          isInterface: CONST Boolean type=kotlin.Boolean value=false
                        bootstrapMethodArguments: VARARG type=kotlin.Array<kotlin.Any> varargElementType=kotlin.Any
                          CALL 'public final fun <jvm-original-method-type> (method: kotlin.Any): kotlin.Any declared in kotlin.jvm.internal' type=kotlin.Any origin=null
                            method: RAW_FUNCTION_REFERENCE 'public abstract fun invoke (p1: P1 of kotlin.Function2, p2: P2 of kotlin.Function2): R of kotlin.Function2 [operator] declared in kotlin.Function2' type=kotlin.Any
                          RAW_FUNCTION_REFERENCE 'private final fun invoke$lambda$0 ($radius: kotlin.Float, $layoutSize: androidx.compose.runtime.MutableState<androidx.compose.ui.unit.IntSize>, $lineHeight: kotlin.Float, $ballY$delegate: androidx.compose.runtime.MutableState<kotlin.Float>, change: androidx.compose.ui.input.pointer.PointerInputChange, <unused var>: androidx.compose.ui.geometry.Offset?): kotlin.Unit? declared in com.suming.speedspy.AccuracyActivity.DraggableVerticalLine.<no name provided>' type=kotlin.Any
                          CALL 'public final fun <jvm-original-method-type> (method: kotlin.Any): kotlin.Any declared in kotlin.jvm.internal' type=kotlin.Any origin=null
                            method: RAW_FUNCTION_REFERENCE 'public abstract fun invoke (p1: androidx.compose.ui.input.pointer.PointerInputChange, p2: androidx.compose.ui.geometry.Offset?): kotlin.Unit? [fake_override,operator] declared in kotlin.jvm.internal.invokeDynamic.<fake>' type=kotlin.Any
                    $completion: GET_VAR '$completion: kotlin.coroutines.Continuation<kotlin.Unit> declared in com.suming.speedspy.AccuracyActivity.DraggableVerticalLine.<no name provided>.invoke' type=kotlin.coroutines.Continuation<kotlin.Unit> origin=null
                    $mask0: CONST Int type=kotlin.Int value=7
                    $handler: CONST Null type=kotlin.Any? value=null
            FUN FAKE_OVERRIDE name:equals visibility:public modality:OPEN <> ($this:kotlin.Any, other:kotlin.Any?) returnType:kotlin.Boolean [fake_override,operator]
              overridden:
                public open fun equals (other: kotlin.Any?): kotlin.Boolean [fake_override,operator] declared in androidx.compose.ui.input.pointer.PointerInputEventHandler
              $this: VALUE_PARAMETER name:<this> type:kotlin.Any
              VALUE_PARAMETER name:other index:0 type:kotlin.Any?
            FUN FAKE_OVERRIDE name:hashCode visibility:public modality:OPEN <> ($this:kotlin.Any) returnType:kotlin.Int [fake_override]
              overridden:
                public open fun hashCode (): kotlin.Int [fake_override] declared in androidx.compose.ui.input.pointer.PointerInputEventHandler
              $this: VALUE_PARAMETER name:<this> type:kotlin.Any
            FUN FAKE_OVERRIDE name:toString visibility:public modality:OPEN <> ($this:kotlin.Any) returnType:kotlin.String [fake_override]
              overridden:
                public open fun toString (): kotlin.String [fake_override] declared in androidx.compose.ui.input.pointer.PointerInputEventHandler
              $this: VALUE_PARAMETER name:<this> type:kotlin.Any
            FIELD FIELD_FOR_CAPTURED_VALUE name:$radius type:kotlin.Float visibility:public/*package*/ [final]
            FIELD FIELD_FOR_CAPTURED_VALUE name:$layoutSize type:androidx.compose.runtime.MutableState<androidx.compose.ui.unit.IntSize> visibility:public/*package*/ [final]
            FIELD FIELD_FOR_CAPTURED_VALUE name:$lineHeight type:kotlin.Float visibility:public/*package*/ [final]
            FIELD FIELD_FOR_CAPTURED_VALUE name:$ballY$delegate type:androidx.compose.runtime.MutableState<kotlin.Float> visibility:public/*package*/ [final]
            FUN LOCAL_FUNCTION_FOR_LAMBDA name:invoke$lambda$0 visibility:private modality:FINAL <> ($radius:kotlin.Float, $layoutSize:androidx.compose.runtime.MutableState<androidx.compose.ui.unit.IntSize>, $lineHeight:kotlin.Float, $ballY$delegate:androidx.compose.runtime.MutableState<kotlin.Float>, change:androidx.compose.ui.input.pointer.PointerInputChange, <unused var>:androidx.compose.ui.geometry.Offset?) returnType:kotlin.Unit?
              VALUE_PARAMETER BOUND_VALUE_PARAMETER name:$radius index:0 type:kotlin.Float
              VALUE_PARAMETER BOUND_VALUE_PARAMETER name:$layoutSize index:1 type:androidx.compose.runtime.MutableState<androidx.compose.ui.unit.IntSize>
              VALUE_PARAMETER BOUND_VALUE_PARAMETER name:$lineHeight index:2 type:kotlin.Float
              VALUE_PARAMETER BOUND_VALUE_PARAMETER name:$ballY$delegate index:3 type:androidx.compose.runtime.MutableState<kotlin.Float>
              VALUE_PARAMETER name:change index:4 type:androidx.compose.ui.input.pointer.PointerInputChange
              VALUE_PARAMETER UNDERSCORE_PARAMETER name:<unused var> index:5 type:androidx.compose.ui.geometry.Offset?
              BLOCK_BODY
                CALL 'public final fun access$DraggableVerticalLine$lambda$7 ($ballY$delegate: androidx.compose.runtime.MutableState<kotlin.Float>, <set-?>: kotlin.Float): kotlin.Unit declared in com.suming.speedspy.AccuracyActivity' type=kotlin.Unit origin=EQ
                  $ballY$delegate: GET_VAR '$ballY$delegate: androidx.compose.runtime.MutableState<kotlin.Float> declared in com.suming.speedspy.AccuracyActivity.DraggableVerticalLine.<no name provided>.invoke$lambda$0' type=androidx.compose.runtime.MutableState<kotlin.Float> origin=null
                  <set-?>: CALL 'public final fun coerceIn (minimumValue: kotlin.Float, maximumValue: kotlin.Float): kotlin.Float declared in kotlin.ranges.RangesKt' type=kotlin.Float origin=null
                    $receiver: CALL 'public final fun getY-impl (arg0: androidx.compose.ui.geometry.Offset): kotlin.Float [inline] declared in androidx.compose.ui.geometry.Offset' type=kotlin.Float origin=GET_PROPERTY
                      arg0: CALL 'public final fun getPosition-F1C5BW0 (): androidx.compose.ui.geometry.Offset declared in androidx.compose.ui.input.pointer.PointerInputChange' type=androidx.compose.ui.geometry.Offset origin=GET_PROPERTY
                        $this: GET_VAR 'change: androidx.compose.ui.input.pointer.PointerInputChange declared in com.suming.speedspy.AccuracyActivity.DraggableVerticalLine.<no name provided>.invoke$lambda$0' type=androidx.compose.ui.input.pointer.PointerInputChange origin=null
                    minimumValue: GET_VAR '$radius: kotlin.Float declared in com.suming.speedspy.AccuracyActivity.DraggableVerticalLine.<no name provided>.invoke$lambda$0' type=kotlin.Float origin=null
                    maximumValue: CALL 'public final fun minus (other: kotlin.Float): kotlin.Float [operator] declared in kotlin.Float' type=kotlin.Float origin=MINUS
                      $this: CALL 'public final fun minus (other: kotlin.Float): kotlin.Float [operator] declared in kotlin.Int' type=kotlin.Float origin=MINUS
                        $this: CALL 'public final fun getHeight-impl (arg0: androidx.compose.ui.unit.IntSize): kotlin.Int [inline] declared in androidx.compose.ui.unit.IntSize' type=kotlin.Int origin=GET_PROPERTY
                          arg0: CALL 'public abstract fun <get-value> (): T of androidx.compose.runtime.MutableState declared in androidx.compose.runtime.MutableState' type=androidx.compose.ui.unit.IntSize origin=GET_PROPERTY
                            $this: GET_VAR '$layoutSize: androidx.compose.runtime.MutableState<androidx.compose.ui.unit.IntSize> declared in com.suming.speedspy.AccuracyActivity.DraggableVerticalLine.<no name provided>.invoke$lambda$0' type=androidx.compose.runtime.MutableState<androidx.compose.ui.unit.IntSize> origin=null
                        other: GET_VAR '$lineHeight: kotlin.Float declared in com.suming.speedspy.AccuracyActivity.DraggableVerticalLine.<no name provided>.invoke$lambda$0' type=kotlin.Float origin=null
                      other: GET_VAR '$radius: kotlin.Float declared in com.suming.speedspy.AccuracyActivity.DraggableVerticalLine.<no name provided>.invoke$lambda$0' type=kotlin.Float origin=null
          CONSTRUCTOR_CALL 'public/*package*/ constructor <init> ($radius: kotlin.Float, $layoutSize: androidx.compose.runtime.MutableState<androidx.compose.ui.unit.IntSize>, $lineHeight: kotlin.Float, $ballY$delegate: androidx.compose.runtime.MutableState<kotlin.Float>) [primary] declared in com.suming.speedspy.AccuracyActivity.DraggableVerticalLine.<no name provided>' type=com.suming.speedspy.AccuracyActivity.DraggableVerticalLine.<no name provided> origin=null
            $radius: GET_VAR 'val radius: kotlin.Float [val] declared in com.suming.speedspy.AccuracyActivity.DraggableVerticalLine' type=kotlin.Float origin=null
            $layoutSize: GET_VAR 'val layoutSize: androidx.compose.runtime.MutableState<androidx.compose.ui.unit.IntSize> [val] declared in com.suming.speedspy.AccuracyActivity.DraggableVerticalLine' type=androidx.compose.runtime.MutableState<androidx.compose.ui.unit.IntSize> origin=null
            $lineHeight: GET_VAR 'val lineHeight: kotlin.Float [val] declared in com.suming.speedspy.AccuracyActivity.DraggableVerticalLine' type=kotlin.Float origin=null
            $ballY$delegate: GET_VAR 'val ballY$delegate: androidx.compose.runtime.MutableState<kotlin.Float> [val] declared in com.suming.speedspy.AccuracyActivity.DraggableVerticalLine' type=androidx.compose.runtime.MutableState<kotlin.Float> origin=null
      onDraw: BLOCK type=@[ExtensionFunctionType] kotlin.Function1<androidx.compose.ui.graphics.drawscope.DrawScope, kotlin.Unit> origin=LAMBDA
        COMPOSITE type=kotlin.Unit origin=null
        CALL 'public final fun <jvm-indy> <T> (dynamicCall: T of kotlin.jvm.internal.<jvm-indy>, bootstrapMethodHandle: kotlin.Any, vararg bootstrapMethodArguments: kotlin.Any): T of kotlin.jvm.internal.<jvm-indy> declared in kotlin.jvm.internal' type=@[ExtensionFunctionType] kotlin.Function1<androidx.compose.ui.graphics.drawscope.DrawScope, kotlin.Unit> origin=null
          <T>: @[ExtensionFunctionType] kotlin.Function1<androidx.compose.ui.graphics.drawscope.DrawScope, kotlin.Unit>
          dynamicCall: CALL 'public final fun invoke (p0: kotlin.Float, p1: kotlin.Float, p2: androidx.compose.runtime.MutableState<kotlin.Float>): @[ExtensionFunctionType] kotlin.Function1<androidx.compose.ui.graphics.drawscope.DrawScope, kotlin.Unit> declared in kotlin.jvm.internal.invokeDynamic' type=@[ExtensionFunctionType] kotlin.Function1<androidx.compose.ui.graphics.drawscope.DrawScope, kotlin.Unit> origin=null
            p0: GET_VAR 'val lineHeight: kotlin.Float [val] declared in com.suming.speedspy.AccuracyActivity.DraggableVerticalLine' type=kotlin.Float origin=null
            p1: GET_VAR 'val radius: kotlin.Float [val] declared in com.suming.speedspy.AccuracyActivity.DraggableVerticalLine' type=kotlin.Float origin=null
            p2: GET_VAR 'val ballY$delegate: androidx.compose.runtime.MutableState<kotlin.Float> [val] declared in com.suming.speedspy.AccuracyActivity.DraggableVerticalLine' type=androidx.compose.runtime.MutableState<kotlin.Float> origin=null
          bootstrapMethodHandle: CALL 'public final fun <jvm-method-handle> (tag: kotlin.Int, owner: kotlin.String, name: kotlin.String, descriptor: kotlin.String, isInterface: kotlin.Boolean): kotlin.Any declared in kotlin.jvm.internal' type=kotlin.Any origin=null
            tag: CONST Int type=kotlin.Int value=6
            owner: CONST String type=kotlin.String value="java/lang/invoke/LambdaMetafactory"
            name: CONST String type=kotlin.String value="metafactory"
            descriptor: CONST String type=kotlin.String value="(Ljava/lang/invoke/MethodHandles$Lookup;Ljava/lang/String;Ljava/lang/invoke/MethodType;Ljava/lang/invoke/MethodType;Ljava/lang/invoke/MethodHandle;Ljava/lang/invoke/MethodType;)Ljava/lang/invoke/CallSite;"
            isInterface: CONST Boolean type=kotlin.Boolean value=false
          bootstrapMethodArguments: VARARG type=kotlin.Array<kotlin.Any> varargElementType=kotlin.Any
            CALL 'public final fun <jvm-original-method-type> (method: kotlin.Any): kotlin.Any declared in kotlin.jvm.internal' type=kotlin.Any origin=null
              method: RAW_FUNCTION_REFERENCE 'public abstract fun invoke (p1: P1 of kotlin.Function1): R of kotlin.Function1 [operator] declared in kotlin.Function1' type=kotlin.Any
            RAW_FUNCTION_REFERENCE 'private final fun DraggableVerticalLine$lambda$10 ($lineHeight: kotlin.Float, $radius: kotlin.Float, $ballY$delegate: androidx.compose.runtime.MutableState<kotlin.Float>, $this$Canvas: androidx.compose.ui.graphics.drawscope.DrawScope): kotlin.Unit? declared in com.suming.speedspy.AccuracyActivity' type=kotlin.Any
            CALL 'public final fun <jvm-original-method-type> (method: kotlin.Any): kotlin.Any declared in kotlin.jvm.internal' type=kotlin.Any origin=null
              method: RAW_FUNCTION_REFERENCE 'public abstract fun invoke (p1: androidx.compose.ui.graphics.drawscope.DrawScope): kotlin.Unit? [fake_override,operator] declared in kotlin.jvm.internal.invokeDynamic.<fake>' type=kotlin.Any

	at org.jetbrains.kotlin.backend.jvm.codegen.FunctionCodegen.generate(FunctionCodegen.kt:47)
	at org.jetbrains.kotlin.backend.jvm.codegen.FunctionCodegen.generate$default(FunctionCodegen.kt:40)
	at org.jetbrains.kotlin.backend.jvm.codegen.ClassCodegen.generateMethodNode(ClassCodegen.kt:406)
	at org.jetbrains.kotlin.backend.jvm.codegen.ClassCodegen.generateMethod(ClassCodegen.kt:423)
	at org.jetbrains.kotlin.backend.jvm.codegen.ClassCodegen.generate(ClassCodegen.kt:168)
	at org.jetbrains.kotlin.backend.jvm.FileCodegen.lower(JvmPhases.kt:39)
	at org.jetbrains.kotlin.backend.common.phaser.PhaseFactoriesKt.createFilePhase$lambda$4(PhaseFactories.kt:71)
	at org.jetbrains.kotlin.backend.common.phaser.PhaseBuildersKt$createSimpleNamedCompilerPhase$1.phaseBody(PhaseBuilders.kt:69)
	at org.jetbrains.kotlin.backend.common.phaser.SimpleNamedCompilerPhase.phaseBody(CompilerPhase.kt:226)
	at org.jetbrains.kotlin.backend.common.phaser.AbstractNamedCompilerPhase.invoke(CompilerPhase.kt:113)
	at org.jetbrains.kotlin.backend.common.phaser.PerformByIrFilePhase.invokeSequential(performByIrFile.kt:62)
	... 43 more
Caused by: org.jetbrains.kotlin.codegen.CompilationException: Back-end (JVM) Internal error: Couldn't inline method call: CALL 'public final fun <get-current> (): T of androidx.compose.runtime.CompositionLocal [inline] declared in androidx.compose.runtime.CompositionLocal' type=androidx.compose.ui.unit.Density origin=GET_PROPERTY
Method: null
File is unknown
The root cause java.lang.IllegalStateException was thrown at: org.jetbrains.kotlin.codegen.inline.SourceCompilerForInlineKt.getMethodNode(SourceCompilerForInline.kt:118)
	at org.jetbrains.kotlin.codegen.inline.InlineCodegen.performInline(InlineCodegen.kt:65)
	at org.jetbrains.kotlin.backend.jvm.codegen.IrInlineCodegen.genInlineCall(IrInlineCodegen.kt:163)
	at org.jetbrains.kotlin.backend.jvm.codegen.IrInlineCallGenerator.genCall(IrInlineCallGenerator.kt:36)
	at org.jetbrains.kotlin.backend.jvm.codegen.ExpressionCodegen.visitCall(ExpressionCodegen.kt:653)
	at org.jetbrains.kotlin.backend.jvm.codegen.ExpressionCodegen.visitCall(ExpressionCodegen.kt:138)
	at org.jetbrains.kotlin.ir.expressions.IrCall.accept(IrCall.kt:24)
	at org.jetbrains.kotlin.backend.jvm.codegen.ExpressionCodegen.visitVariable(ExpressionCodegen.kt:790)
	at org.jetbrains.kotlin.backend.jvm.codegen.ExpressionCodegen.visitVariable(ExpressionCodegen.kt:138)
	at org.jetbrains.kotlin.ir.declarations.IrVariable.accept(IrVariable.kt:36)
	at org.jetbrains.kotlin.backend.jvm.codegen.ExpressionCodegen.visitStatementContainer(ExpressionCodegen.kt:579)
	at org.jetbrains.kotlin.backend.jvm.codegen.ExpressionCodegen.visitBlockBody(ExpressionCodegen.kt:584)
	at org.jetbrains.kotlin.backend.jvm.codegen.ExpressionCodegen.visitBlockBody(ExpressionCodegen.kt:138)
	at org.jetbrains.kotlin.ir.expressions.IrBlockBody.accept(IrBlockBody.kt:20)
	at org.jetbrains.kotlin.backend.jvm.codegen.ExpressionCodegen.generate(ExpressionCodegen.kt:240)
	at org.jetbrains.kotlin.backend.jvm.codegen.FunctionCodegen.doGenerate(FunctionCodegen.kt:123)
	at org.jetbrains.kotlin.backend.jvm.codegen.FunctionCodegen.generate(FunctionCodegen.kt:44)
	... 53 more
Caused by: java.lang.IllegalStateException: couldn't find inline method Landroidx/compose/runtime/CompositionLocal;.getCurrent()Ljava/lang/Object;
	at org.jetbrains.kotlin.codegen.inline.SourceCompilerForInlineKt.getMethodNode(SourceCompilerForInline.kt:118)
	at org.jetbrains.kotlin.codegen.inline.SourceCompilerForInlineKt.loadCompiledInlineFunction(SourceCompilerForInline.kt:96)
	at org.jetbrains.kotlin.backend.jvm.codegen.IrSourceCompilerForInline.compileInlineFunction(IrSourceCompilerForInline.kt:91)
	at org.jetbrains.kotlin.codegen.inline.InlineCodegen.compileInline(InlineCodegen.kt:43)
	at org.jetbrains.kotlin.codegen.inline.InlineCodegen.performInline(InlineCodegen.kt:51)
	... 68 more


